CordovaLib/build/outputs/logs/manifest-merger-debug-report.txt
-- Merging decision tree log ---
manifest
ADDED from CPH\CordovaLib\AndroidManifest.xml:19:1-24:12
INJECTED from CPH\CordovaLib\AndroidManifest.xml:19:1-24:12
INJECTED from CPH\CordovaLib\AndroidManifest.xml:19:1-24:12
INJECTED from CPH\CordovaLib\AndroidManifest.xml:19:1-24:12
INJECTED from CPH\CordovaLib\AndroidManifest.xml:19:1-24:12
INJECTED from CPH\CordovaLib\AndroidManifest.xml:19:1-24:12
INJECTED from CPH\CordovaLib\AndroidManifest.xml:19:1-24:12
	package
		ADDED from CPH\CordovaLib\AndroidManifest.xml:20:5-33
		INJECTED from CPH\CordovaLib\AndroidManifest.xml
		INJECTED from CPH\CordovaLib\AndroidManifest.xml
	android:versionName
		ADDED from CPH\CordovaLib\AndroidManifest.xml:22:5-30
		INJECTED from CPH\CordovaLib\AndroidManifest.xml
		INJECTED from CPH\CordovaLib\AndroidManifest.xml
	xmlns:android
		ADDED from CPH\CordovaLib\AndroidManifest.xml:19:11-69
	android:versionCode
		ADDED from CPH\CordovaLib\AndroidManifest.xml:21:5-28
		INJECTED from CPH\CordovaLib\AndroidManifest.xml
		INJECTED from CPH\CordovaLib\AndroidManifest.xml